<?xml version="1.0" encoding="UTF-8"?>
<!-- Generated by org.testng.reporters.JUnitXMLReporter -->
<testsuite hostname="DESKTOP-C8E99AT" ignored="0" name="InternetExplorerTestSuit" tests="1" failures="1" timestamp="2020-08-13T17:31:41 IST" time="0.644" errors="0">
  <testcase name="verifypageTitle" time="0.631" classname="com.test.BrowserCompatibility">
    <failure type="org.openqa.selenium.SessionNotCreatedException" message="session not created: No matching capabilities found
Build info: version: &amp;apos;3.141.59&amp;apos;, revision: &amp;apos;e82be7d358&amp;apos;, time: &amp;apos;2018-11-14T08:25:53&amp;apos;
System info: host: &amp;apos;DESKTOP-C8E99AT&amp;apos;, ip: &amp;apos;192.168.1.5&amp;apos;, os.name: &amp;apos;Windows 10&amp;apos;, os.arch: &amp;apos;amd64&amp;apos;, os.version: &amp;apos;10.0&amp;apos;, java.version: &amp;apos;1.8.0_221&amp;apos;
Driver info: driver.version: InternetExplorerDriver
remote stacktrace: Backtrace:
	Ordinal0 [0x00007FF654A5CFB2+4050866]
	Ordinal0 [0x00007FF6549322D9+2826969]
	Ordinal0 [0x00007FF6547AA38C+1221516]
	Ordinal0 [0x00007FF65472D4EE+709870]
	Ordinal0 [0x00007FF65472BC5F+703583]
	Ordinal0 [0x00007FF654707F20+556832]
	Ordinal0 [0x00007FF654708CBE+560318]
	Ordinal0 [0x00007FF654950145+2949445]
	GetHandleVerifier [0x00007FF654BA0A0B+1182571]
	GetHandleVerifier [0x00007FF654BB55D1+1267505]
	GetHandleVerifier [0x00007FF654BA16E8+1185864]
	Ordinal0 [0x00007FF65494396A+2898282]
	Ordinal0 [0x00007FF654951F59+2957145]
	Ordinal0 [0x00007FF654971338+3085112]
	BaseThreadInitThunk [0x00007FF9D84E7BD4+20]
	RtlUserThreadStart [0x00007FF9DA48CE51+33]
">
      <![CDATA[org.openqa.selenium.SessionNotCreatedException: session not created: No matching capabilities found
Build info: version: '3.141.59', revision: 'e82be7d358', time: '2018-11-14T08:25:53'
System info: host: 'DESKTOP-C8E99AT', ip: '192.168.1.5', os.name: 'Windows 10', os.arch: 'amd64', os.version: '10.0', java.version: '1.8.0_221'
Driver info: driver.version: InternetExplorerDriver
remote stacktrace: Backtrace:
Ordinal0 [0x00007FF654A5CFB2+4050866]
Ordinal0 [0x00007FF6549322D9+2826969]
Ordinal0 [0x00007FF6547AA38C+1221516]
Ordinal0 [0x00007FF65472D4EE+709870]
Ordinal0 [0x00007FF65472BC5F+703583]
Ordinal0 [0x00007FF654707F20+556832]
Ordinal0 [0x00007FF654708CBE+560318]
Ordinal0 [0x00007FF654950145+2949445]
GetHandleVerifier [0x00007FF654BA0A0B+1182571]
GetHandleVerifier [0x00007FF654BB55D1+1267505]
GetHandleVerifier [0x00007FF654BA16E8+1185864]
Ordinal0 [0x00007FF65494396A+2898282]
Ordinal0 [0x00007FF654951F59+2957145]
Ordinal0 [0x00007FF654971338+3085112]
BaseThreadInitThunk [0x00007FF9D84E7BD4+20]
RtlUserThreadStart [0x00007FF9DA48CE51+33]

at org.openqa.selenium.remote.W3CHandshakeResponse.lambda$errorHandler$0(W3CHandshakeResponse.java:62)
at org.openqa.selenium.remote.HandshakeResponse.lambda$getResponseFunction$0(HandshakeResponse.java:30)
at org.openqa.selenium.remote.ProtocolHandshake.lambda$createSession$0(ProtocolHandshake.java:126)
at java.util.stream.ReferencePipeline$3$1.accept(Unknown Source)
at java.util.Spliterators$ArraySpliterator.tryAdvance(Unknown Source)
at java.util.stream.ReferencePipeline.forEachWithCancel(Unknown Source)
at java.util.stream.AbstractPipeline.copyIntoWithCancel(Unknown Source)
at java.util.stream.AbstractPipeline.copyInto(Unknown Source)
at java.util.stream.AbstractPipeline.wrapAndCopyInto(Unknown Source)
at java.util.stream.FindOps$FindOp.evaluateSequential(Unknown Source)
at java.util.stream.AbstractPipeline.evaluate(Unknown Source)
at java.util.stream.ReferencePipeline.findFirst(Unknown Source)
at org.openqa.selenium.remote.ProtocolHandshake.createSession(ProtocolHandshake.java:128)
at org.openqa.selenium.remote.ProtocolHandshake.createSession(ProtocolHandshake.java:74)
at org.openqa.selenium.remote.HttpCommandExecutor.execute(HttpCommandExecutor.java:136)
at org.openqa.selenium.remote.service.DriverCommandExecutor.execute(DriverCommandExecutor.java:83)
at org.openqa.selenium.remote.RemoteWebDriver.execute(RemoteWebDriver.java:552)
at org.openqa.selenium.remote.RemoteWebDriver.startSession(RemoteWebDriver.java:213)
at org.openqa.selenium.ie.InternetExplorerDriver.run(InternetExplorerDriver.java:221)
at org.openqa.selenium.ie.InternetExplorerDriver.<init>(InternetExplorerDriver.java:213)
at org.openqa.selenium.ie.InternetExplorerDriver.<init>(InternetExplorerDriver.java:150)
at com.test.BrowserCompatibility.verifypageTitle(BrowserCompatibility.java:32)
at java.util.ArrayList.forEach(Unknown Source)
... Removed 31 stack frames]]>
    </failure>
  </testcase> <!-- verifypageTitle -->
</testsuite> <!-- InternetExplorerTestSuit -->
