<?xml version="1.0" encoding="UTF-8"?>
<!-- Generated by org.testng.reporters.JUnitXMLReporter -->
<testsuite hostname="DESKTOP-C8E99AT" ignored="0" name="Test" tests="1" failures="1" timestamp="2020-08-11T19:33:07 IST" time="0.051" errors="0">
  <testcase name="verifypageTitle" time="0.0" classname="com.test.VerifyTitle">
    <failure type="org.testng.TestNGException" message="
Parameter &amp;apos;browser&amp;apos; is required by @Test on method verifypageTitle but has not been marked @Optional or defined
in C:\Users\91953\eclipse-workspace\DemoTestNG\testng1.xml">
      <![CDATA[org.testng.TestNGException: 
Parameter 'browser' is required by @Test on method verifypageTitle but has not been marked @Optional or defined
in C:\Users\91953\eclipse-workspace\DemoTestNG\testng1.xml
at java.util.ArrayList.forEach(Unknown Source)
... Removed 26 stack frames]]>
    </failure>
  </testcase> <!-- verifypageTitle -->
</testsuite> <!-- Test -->
